<?xml version="1.0" encoding="UTF-8"?>
<!-- Generated by org.testng.reporters.JUnitReportReporter -->
<testsuite hostname="DESKTOP-C28O1GT" failures="0" tests="6" name="com.ReadFromProperties_File.Login_SwagLabs" time="0.096" errors="1" timestamp="22 Nov 2023 18:29:06 GMT" skipped="5">
  <testcase classname="com.ReadFromProperties_File.Login_SwagLabs" name="setup" time="0.096">
    <error message="Driver options must be set" type="java.lang.IllegalArgumentException">
      <![CDATA[java.lang.IllegalArgumentException: Driver options must be set
	at org.openqa.selenium.internal.Require.nonNull(Require.java:60)
	at org.openqa.selenium.chrome.ChromeDriver.generateExecutor(ChromeDriver.java:96)
	at org.openqa.selenium.chrome.ChromeDriver.<init>(ChromeDriver.java:88)
	at org.openqa.selenium.chrome.ChromeDriver.<init>(ChromeDriver.java:83)
	at org.openqa.selenium.chrome.ChromeDriver.<init>(ChromeDriver.java:72)
	at com.ReadFromProperties_File.Login_SwagLabs.setup(Login_SwagLabs.java:25)
	at java.base/jdk.internal.reflect.NativeMethodAccessorImpl.invoke0(Native Method)
	at java.base/jdk.internal.reflect.NativeMethodAccessorImpl.invoke(NativeMethodAccessorImpl.java:77)
	at java.base/jdk.internal.reflect.DelegatingMethodAccessorImpl.invoke(DelegatingMethodAccessorImpl.java:43)
	at java.base/java.lang.reflect.Method.invoke(Method.java:568)
	at org.testng.internal.MethodInvocationHelper.invokeMethod(MethodInvocationHelper.java:108)
	at org.testng.internal.Invoker.invokeConfigurationMethod(Invoker.java:523)
	at org.testng.internal.Invoker.invokeConfigurations(Invoker.java:224)
	at org.testng.internal.Invoker.invokeMethod(Invoker.java:599)
	at org.testng.internal.Invoker.invokeTestMethod(Invoker.java:869)
	at org.testng.internal.Invoker.invokeTestMethods(Invoker.java:1193)
	at org.testng.internal.TestMethodWorker.invokeTestMethods(TestMethodWorker.java:126)
	at org.testng.internal.TestMethodWorker.run(TestMethodWorker.java:109)
	at org.testng.TestRunner.privateRun(TestRunner.java:744)
	at org.testng.TestRunner.run(TestRunner.java:602)
	at org.testng.SuiteRunner.runTest(SuiteRunner.java:380)
	at org.testng.SuiteRunner.runSequentially(SuiteRunner.java:375)
	at org.testng.SuiteRunner.privateRun(SuiteRunner.java:340)
	at org.testng.SuiteRunner.run(SuiteRunner.java:289)
	at org.testng.SuiteRunnerWorker.runSuite(SuiteRunnerWorker.java:52)
	at org.testng.SuiteRunnerWorker.run(SuiteRunnerWorker.java:86)
	at org.testng.TestNG.runSuitesSequentially(TestNG.java:1301)
	at org.testng.TestNG.runSuitesLocally(TestNG.java:1226)
	at org.testng.TestNG.runSuites(TestNG.java:1144)
	at org.testng.TestNG.run(TestNG.java:1115)
	at org.testng.remote.AbstractRemoteTestNG.run(AbstractRemoteTestNG.java:115)
	at org.testng.remote.RemoteTestNG.initAndRun(RemoteTestNG.java:251)
	at org.testng.remote.RemoteTestNG.main(RemoteTestNG.java:77)
]]>
    </error>
  </testcase> <!-- setup -->
  <testcase classname="com.ReadFromProperties_File.Login_SwagLabs" name="signWithValidUserNameAndValidPassword" time="0.000">
    <skipped/>
  </testcase> <!-- signWithValidUserNameAndValidPassword -->
  <testcase classname="com.ReadFromProperties_File.Login_SwagLabs" name="signWithValidUserNameAndInvalidPassword" time="0.000">
    <skipped/>
  </testcase> <!-- signWithValidUserNameAndInvalidPassword -->
  <testcase classname="com.ReadFromProperties_File.Login_SwagLabs" name="signWithInValidUserNameAndValidPassword" time="0.000">
    <skipped/>
  </testcase> <!-- signWithInValidUserNameAndValidPassword -->
  <testcase classname="com.ReadFromProperties_File.Login_SwagLabs" name="signWithInValidUserNameAndInvalidPassword" time="0.000">
    <skipped/>
  </testcase> <!-- signWithInValidUserNameAndInvalidPassword -->
  <testcase classname="com.ReadFromProperties_File.Login_SwagLabs" name="singInWithoutCredintials" time="0.000">
    <skipped/>
  </testcase> <!-- singInWithoutCredintials -->
</testsuite> <!-- com.ReadFromProperties_File.Login_SwagLabs -->
